# Logfile created on 2014-11-04 22:09:10 -0200 by logger.rb/44203
I, [2014-11-04T22:09:10.504699 #19346]  INFO -- : 0:  rake (10.3.2) from /Users/raphaelmiranda/.rvm/gems/ruby-2.1.0/specifications/rake-10.3.2.gemspec
I, [2014-11-04T22:09:10.520961 #19346]  INFO -- : 0:  i18n (0.6.11) from /Users/raphaelmiranda/.rvm/gems/ruby-2.1.0/specifications/i18n-0.6.11.gemspec
I, [2014-11-04T22:09:10.521628 #19346]  INFO -- : 0:  multi_json (1.10.1) from /Users/raphaelmiranda/.rvm/gems/ruby-2.1.0/specifications/multi_json-1.10.1.gemspec
I, [2014-11-04T22:09:18.522271 #19346]  INFO -- : 0:  activesupport (3.2.20) from /Users/raphaelmiranda/.rvm/gems/ruby-2.1.0/specifications/activesupport-3.2.20.gemspec
I, [2014-11-04T22:09:20.825925 #19346]  INFO -- : 0:  builder (3.0.4) from /Users/raphaelmiranda/.rvm/gems/ruby-2.1.0/specifications/builder-3.0.4.gemspec
I, [2014-11-04T22:09:22.956187 #19346]  INFO -- : 0:  activemodel (3.2.20) from /Users/raphaelmiranda/.rvm/gems/ruby-2.1.0/specifications/activemodel-3.2.20.gemspec
I, [2014-11-04T22:09:22.956658 #19346]  INFO -- : 0:  erubis (2.7.0) from /Users/raphaelmiranda/.rvm/gems/ruby-2.1.0/specifications/erubis-2.7.0.gemspec
I, [2014-11-04T22:09:26.312500 #19346]  INFO -- : 0:  journey (1.0.4) from /Users/raphaelmiranda/.rvm/gems/ruby-2.1.0/specifications/journey-1.0.4.gemspec
I, [2014-11-04T22:09:29.646885 #19346]  INFO -- : 0:  rack (1.4.5) from /Users/raphaelmiranda/.rvm/gems/ruby-2.1.0/specifications/rack-1.4.5.gemspec
I, [2014-11-04T22:09:33.734127 #19346]  INFO -- : 0:  rack-cache (1.2) from /Users/raphaelmiranda/.rvm/gems/ruby-2.1.0/specifications/rack-cache-1.2.gemspec
I, [2014-11-04T22:09:33.740771 #19346]  INFO -- : 0:  rack-test (0.6.2) from /Users/raphaelmiranda/.rvm/gems/ruby-2.1.0/specifications/rack-test-0.6.2.gemspec
I, [2014-11-04T22:09:33.741063 #19346]  INFO -- : 0:  hike (1.2.3) from /Users/raphaelmiranda/.rvm/gems/ruby-2.1.0/specifications/hike-1.2.3.gemspec
I, [2014-11-04T22:09:33.741328 #19346]  INFO -- : 0:  tilt (1.4.1) from /Users/raphaelmiranda/.rvm/gems/ruby-2.1.0/specifications/tilt-1.4.1.gemspec
I, [2014-11-04T22:09:36.395344 #19346]  INFO -- : 0:  sprockets (2.2.3) from /Users/raphaelmiranda/.rvm/gems/ruby-2.1.0/specifications/sprockets-2.2.3.gemspec
I, [2014-11-04T22:09:39.946867 #19346]  INFO -- : 0:  actionpack (3.2.20) from /Users/raphaelmiranda/.rvm/gems/ruby-2.1.0/specifications/actionpack-3.2.20.gemspec
I, [2014-11-04T22:09:39.959685 #19346]  INFO -- : 0:  mime-types (1.25.1) from /Users/raphaelmiranda/.rvm/gems/ruby-2.1.0/specifications/mime-types-1.25.1.gemspec
I, [2014-11-04T22:09:39.960068 #19346]  INFO -- : 0:  polyglot (0.3.5) from /Users/raphaelmiranda/.rvm/gems/ruby-2.1.0/specifications/polyglot-0.3.5.gemspec
I, [2014-11-04T22:09:39.960412 #19346]  INFO -- : 0:  treetop (1.4.15) from /Users/raphaelmiranda/.rvm/gems/ruby-2.1.0/specifications/treetop-1.4.15.gemspec
I, [2014-11-04T22:09:39.960702 #19346]  INFO -- : 0:  mail (2.5.4) from /Users/raphaelmiranda/.rvm/gems/ruby-2.1.0/specifications/mail-2.5.4.gemspec
I, [2014-11-04T22:09:42.301782 #19346]  INFO -- : 0:  actionmailer (3.2.20) from /Users/raphaelmiranda/.rvm/gems/ruby-2.1.0/specifications/actionmailer-3.2.20.gemspec
I, [2014-11-04T22:09:44.845540 #19346]  INFO -- : 0:  activeresource (3.2.20) from /Users/raphaelmiranda/.rvm/gems/ruby-2.1.0/specifications/activeresource-3.2.20.gemspec
I, [2014-11-04T22:09:44.846088 #19346]  INFO -- : 0:  addressable (2.3.6) from /Users/raphaelmiranda/.rvm/gems/ruby-2.1.0/specifications/addressable-2.3.6.gemspec
I, [2014-11-04T22:09:44.846551 #19346]  INFO -- : 0:  ansi (1.4.3) from /Users/raphaelmiranda/.rvm/gems/ruby-2.1.0/specifications/ansi-1.4.3.gemspec
E, [2014-11-04T22:09:52.630646 #19346] ERROR -- : Gem::Ext::BuildError: ERROR: Failed to build gem native extension.

    /Users/raphaelmiranda/.rvm/rubies/ruby-2.1.0/bin/ruby extconf.rb 
creating Makefile

make "DESTDIR=" clean


Agreeing to the Xcode/iOS license requires admin privileges, please re-run as root via sudo.



make "DESTDIR="


Agreeing to the Xcode/iOS license requires admin privileges, please re-run as root via sudo.



make failed, exit code 69

Gem files will remain installed in /Users/raphaelmiranda/.rvm/gems/ruby-2.1.0/gems/bcrypt-3.1.9 for inspection.
Results logged to /Users/raphaelmiranda/.rvm/gems/ruby-2.1.0/extensions/x86_64-darwin-12/2.1.0-static/bcrypt-3.1.9/gem_make.out

/Users/raphaelmiranda/.rvm/rubies/ruby-2.1.0/lib/ruby/site_ruby/2.1.0/rubygems/ext/builder.rb:89:in `run'  \n/Users/raphaelmiranda/.rvm/rubies/ruby-2.1.0/lib/ruby/site_ruby/2.1.0/rubygems/ext/builder.rb:51:in `block in make'  \n/Users/raphaelmiranda/.rvm/rubies/ruby-2.1.0/lib/ruby/site_ruby/2.1.0/rubygems/ext/builder.rb:43:in `each'  \n/Users/raphaelmiranda/.rvm/rubies/ruby-2.1.0/lib/ruby/site_ruby/2.1.0/rubygems/ext/builder.rb:43:in `make'  \n/Users/raphaelmiranda/.rvm/rubies/ruby-2.1.0/lib/ruby/site_ruby/2.1.0/rubygems/ext/ext_conf_builder.rb:43:in `block in build'  \n/Users/raphaelmiranda/.rvm/rubies/ruby-2.1.0/lib/ruby/2.1.0/tempfile.rb:324:in `open'  \n/Users/raphaelmiranda/.rvm/rubies/ruby-2.1.0/lib/ruby/site_ruby/2.1.0/rubygems/ext/ext_conf_builder.rb:17:in `build'  \n/Users/raphaelmiranda/.rvm/rubies/ruby-2.1.0/lib/ruby/site_ruby/2.1.0/rubygems/ext/builder.rb:161:in `block (2 levels) in build_extension'  \n/Users/raphaelmiranda/.rvm/rubies/ruby-2.1.0/lib/ruby/site_ruby/2.1.0/rubygems/ext/builder.rb:160:in `chdir'  \n/Users/raphaelmiranda/.rvm/rubies/ruby-2.1.0/lib/ruby/site_ruby/2.1.0/rubygems/ext/builder.rb:160:in `block in build_extension'  \n/Users/raphaelmiranda/.rvm/rubies/ruby-2.1.0/lib/ruby/site_ruby/2.1.0/rubygems/ext/builder.rb:159:in `synchronize'  \n/Users/raphaelmiranda/.rvm/rubies/ruby-2.1.0/lib/ruby/site_ruby/2.1.0/rubygems/ext/builder.rb:159:in `build_extension'  \n/Users/raphaelmiranda/.rvm/rubies/ruby-2.1.0/lib/ruby/site_ruby/2.1.0/rubygems/ext/builder.rb:198:in `block in build_extensions'  \n/Users/raphaelmiranda/.rvm/rubies/ruby-2.1.0/lib/ruby/site_ruby/2.1.0/rubygems/ext/builder.rb:195:in `each'  \n/Users/raphaelmiranda/.rvm/rubies/ruby-2.1.0/lib/ruby/site_ruby/2.1.0/rubygems/ext/builder.rb:195:in `build_extensions'  \n/Users/raphaelmiranda/.rvm/rubies/ruby-2.1.0/lib/ruby/site_ruby/2.1.0/rubygems/installer.rb:677:in `build_extensions'  \n/Users/raphaelmiranda/.rvm/rubies/ruby-2.1.0/lib/ruby/site_ruby/2.1.0/rubygems/installer.rb:232:in `install'  \n/Users/raphaelmiranda/.rvm/gems/ruby-2.1.0@global/gems/bundler-1.5.1/lib/bundler/source/rubygems.rb:101:in `block in install'  \n/Users/raphaelmiranda/.rvm/gems/ruby-2.1.0@global/gems/bundler-1.5.1/lib/bundler/rubygems_integration.rb:118:in `preserve_paths'  \n/Users/raphaelmiranda/.rvm/gems/ruby-2.1.0@global/gems/bundler-1.5.1/lib/bundler/source/rubygems.rb:94:in `install'  \n/Users/raphaelmiranda/.rvm/gems/ruby-2.1.0@global/gems/bundler-1.5.1/lib/bundler/installer.rb:111:in `block in install_gem_from_spec'  \n/Users/raphaelmiranda/.rvm/gems/ruby-2.1.0@global/gems/bundler-1.5.1/lib/bundler/rubygems_integration.rb:150:in `with_build_args'  \n/Users/raphaelmiranda/.rvm/gems/ruby-2.1.0@global/gems/bundler-1.5.1/lib/bundler/installer.rb:110:in `install_gem_from_spec'  \n/Users/raphaelmiranda/.rvm/gems/ruby-2.1.0@global/gems/bundler-1.5.1/lib/bundler/installer.rb:295:in `block in install_sequentially'  \n/Users/raphaelmiranda/.rvm/rubies/ruby-2.1.0/lib/ruby/2.1.0/forwardable.rb:183:in `each'  \n/Users/raphaelmiranda/.rvm/rubies/ruby-2.1.0/lib/ruby/2.1.0/forwardable.rb:183:in `each'  \n/Users/raphaelmiranda/.rvm/gems/ruby-2.1.0@global/gems/bundler-1.5.1/lib/bundler/installer.rb:294:in `install_sequentially'  \n/Users/raphaelmiranda/.rvm/gems/ruby-2.1.0@global/gems/bundler-1.5.1/lib/bundler/installer.rb:97:in `run'  \n/Users/raphaelmiranda/.rvm/gems/ruby-2.1.0@global/gems/bundler-1.5.1/lib/bundler/installer.rb:15:in `install'  \n/Users/raphaelmiranda/.rvm/gems/ruby-2.1.0@global/gems/bundler-1.5.1/lib/bundler/cli.rb:257:in `install'  \n/Users/raphaelmiranda/.rvm/gems/ruby-2.1.0@global/gems/bundler-1.5.1/lib/bundler/vendor/thor/command.rb:27:in `run'  \n/Users/raphaelmiranda/.rvm/gems/ruby-2.1.0@global/gems/bundler-1.5.1/lib/bundler/vendor/thor/invocation.rb:120:in `invoke_command'  \n/Users/raphaelmiranda/.rvm/gems/ruby-2.1.0@global/gems/bundler-1.5.1/lib/bundler/vendor/thor.rb:363:in `dispatch'  \n/Users/raphaelmiranda/.rvm/gems/ruby-2.1.0@global/gems/bundler-1.5.1/lib/bundler/vendor/thor/base.rb:438:in `start'  \n/Users/raphaelmiranda/.rvm/gems/ruby-2.1.0@global/gems/bundler-1.5.1/lib/bundler/cli.rb:10:in `start'  \n/Users/raphaelmiranda/.rvm/gems/ruby-2.1.0@global/gems/bundler-1.5.1/bin/bundle:22:in `block in <top (required)>'  \n/Users/raphaelmiranda/.rvm/gems/ruby-2.1.0@global/gems/bundler-1.5.1/lib/bundler/friendly_errors.rb:5:in `with_friendly_errors'  \n/Users/raphaelmiranda/.rvm/gems/ruby-2.1.0@global/gems/bundler-1.5.1/bin/bundle:22:in `<top (required)>'  \n/Users/raphaelmiranda/.rvm/gems/ruby-2.1.0@global/bin/bundle:19:in `load'  \n/Users/raphaelmiranda/.rvm/gems/ruby-2.1.0@global/bin/bundle:19:in `<main>'
I, [2014-11-04T23:56:53.025254 #12806]  INFO -- : 0:  rake (10.3.2) from /Users/raphaelmiranda/.rvm/gems/ruby-2.1.0/specifications/rake-10.3.2.gemspec
I, [2014-11-04T23:56:53.047952 #12806]  INFO -- : 0:  i18n (0.6.11) from /Users/raphaelmiranda/.rvm/gems/ruby-2.1.0/specifications/i18n-0.6.11.gemspec
I, [2014-11-04T23:56:53.048887 #12806]  INFO -- : 0:  multi_json (1.10.1) from /Users/raphaelmiranda/.rvm/gems/ruby-2.1.0/specifications/multi_json-1.10.1.gemspec
I, [2014-11-04T23:56:53.049649 #12806]  INFO -- : 0:  activesupport (3.2.20) from /Users/raphaelmiranda/.rvm/gems/ruby-2.1.0/specifications/activesupport-3.2.20.gemspec
I, [2014-11-04T23:56:53.050459 #12806]  INFO -- : 0:  builder (3.0.4) from /Users/raphaelmiranda/.rvm/gems/ruby-2.1.0/specifications/builder-3.0.4.gemspec
I, [2014-11-04T23:56:53.051081 #12806]  INFO -- : 0:  activemodel (3.2.20) from /Users/raphaelmiranda/.rvm/gems/ruby-2.1.0/specifications/activemodel-3.2.20.gemspec
I, [2014-11-04T23:56:53.051667 #12806]  INFO -- : 0:  erubis (2.7.0) from /Users/raphaelmiranda/.rvm/gems/ruby-2.1.0/specifications/erubis-2.7.0.gemspec
I, [2014-11-04T23:56:53.052245 #12806]  INFO -- : 0:  journey (1.0.4) from /Users/raphaelmiranda/.rvm/gems/ruby-2.1.0/specifications/journey-1.0.4.gemspec
I, [2014-11-04T23:56:53.052849 #12806]  INFO -- : 0:  rack (1.4.5) from /Users/raphaelmiranda/.rvm/gems/ruby-2.1.0/specifications/rack-1.4.5.gemspec
I, [2014-11-04T23:56:53.053486 #12806]  INFO -- : 0:  rack-cache (1.2) from /Users/raphaelmiranda/.rvm/gems/ruby-2.1.0/specifications/rack-cache-1.2.gemspec
I, [2014-11-04T23:56:53.053976 #12806]  INFO -- : 0:  rack-test (0.6.2) from /Users/raphaelmiranda/.rvm/gems/ruby-2.1.0/specifications/rack-test-0.6.2.gemspec
I, [2014-11-04T23:56:53.054437 #12806]  INFO -- : 0:  hike (1.2.3) from /Users/raphaelmiranda/.rvm/gems/ruby-2.1.0/specifications/hike-1.2.3.gemspec
I, [2014-11-04T23:56:53.054904 #12806]  INFO -- : 0:  tilt (1.4.1) from /Users/raphaelmiranda/.rvm/gems/ruby-2.1.0/specifications/tilt-1.4.1.gemspec
I, [2014-11-04T23:56:53.055515 #12806]  INFO -- : 0:  sprockets (2.2.3) from /Users/raphaelmiranda/.rvm/gems/ruby-2.1.0/specifications/sprockets-2.2.3.gemspec
I, [2014-11-04T23:56:53.056071 #12806]  INFO -- : 0:  actionpack (3.2.20) from /Users/raphaelmiranda/.rvm/gems/ruby-2.1.0/specifications/actionpack-3.2.20.gemspec
I, [2014-11-04T23:56:53.056593 #12806]  INFO -- : 0:  mime-types (1.25.1) from /Users/raphaelmiranda/.rvm/gems/ruby-2.1.0/specifications/mime-types-1.25.1.gemspec
I, [2014-11-04T23:56:53.057051 #12806]  INFO -- : 0:  polyglot (0.3.5) from /Users/raphaelmiranda/.rvm/gems/ruby-2.1.0/specifications/polyglot-0.3.5.gemspec
I, [2014-11-04T23:56:53.057633 #12806]  INFO -- : 0:  treetop (1.4.15) from /Users/raphaelmiranda/.rvm/gems/ruby-2.1.0/specifications/treetop-1.4.15.gemspec
I, [2014-11-04T23:56:53.058095 #12806]  INFO -- : 0:  mail (2.5.4) from /Users/raphaelmiranda/.rvm/gems/ruby-2.1.0/specifications/mail-2.5.4.gemspec
I, [2014-11-04T23:56:53.058534 #12806]  INFO -- : 0:  actionmailer (3.2.20) from /Users/raphaelmiranda/.rvm/gems/ruby-2.1.0/specifications/actionmailer-3.2.20.gemspec
I, [2014-11-04T23:56:53.058967 #12806]  INFO -- : 0:  activeresource (3.2.20) from /Users/raphaelmiranda/.rvm/gems/ruby-2.1.0/specifications/activeresource-3.2.20.gemspec
I, [2014-11-04T23:56:53.059412 #12806]  INFO -- : 0:  addressable (2.3.6) from /Users/raphaelmiranda/.rvm/gems/ruby-2.1.0/specifications/addressable-2.3.6.gemspec
I, [2014-11-04T23:56:53.059837 #12806]  INFO -- : 0:  ansi (1.4.3) from /Users/raphaelmiranda/.rvm/gems/ruby-2.1.0/specifications/ansi-1.4.3.gemspec
I, [2014-11-04T23:57:03.344174 #12806]  INFO -- : 0:  bcrypt (3.1.9) from /Users/raphaelmiranda/.rvm/gems/ruby-2.1.0/specifications/bcrypt-3.1.9.gemspec
I, [2014-11-04T23:57:05.973796 #12806]  INFO -- : 0:  bcrypt-ruby (3.1.5) from /Users/raphaelmiranda/.rvm/gems/ruby-2.1.0/specifications/bcrypt-ruby-3.1.5.gemspec
I, [2014-11-04T23:57:08.685543 #12806]  INFO -- : 0:  coffee-script-source (1.8.0) from /Users/raphaelmiranda/.rvm/gems/ruby-2.1.0/specifications/coffee-script-source-1.8.0.gemspec
I, [2014-11-04T23:57:10.552459 #12806]  INFO -- : 0:  execjs (2.2.2) from /Users/raphaelmiranda/.rvm/gems/ruby-2.1.0/specifications/execjs-2.2.2.gemspec
I, [2014-11-04T23:57:10.552957 #12806]  INFO -- : 0:  coffee-script (2.3.0) from /Users/raphaelmiranda/.rvm/gems/ruby-2.1.0/specifications/coffee-script-2.3.0.gemspec
I, [2014-11-04T23:57:12.694756 #12806]  INFO -- : 0:  rack-ssl (1.3.4) from /Users/raphaelmiranda/.rvm/gems/ruby-2.1.0/specifications/rack-ssl-1.3.4.gemspec
I, [2014-11-04T23:57:12.695258 #12806]  INFO -- : 0:  json (1.8.1) from /Users/raphaelmiranda/.rvm/rubies/ruby-2.1.0/lib/ruby/gems/2.1.0/specifications/default/json-1.8.1.gemspec
I, [2014-11-04T23:57:16.052175 #12806]  INFO -- : 0:  rdoc (3.12.2) from /Users/raphaelmiranda/.rvm/gems/ruby-2.1.0/specifications/rdoc-3.12.2.gemspec
I, [2014-11-04T23:57:16.052698 #12806]  INFO -- : 0:  thor (0.19.1) from /Users/raphaelmiranda/.rvm/gems/ruby-2.1.0/specifications/thor-0.19.1.gemspec
I, [2014-11-04T23:57:20.594640 #12806]  INFO -- : 0:  railties (3.2.20) from /Users/raphaelmiranda/.rvm/gems/ruby-2.1.0/specifications/railties-3.2.20.gemspec
I, [2014-11-04T23:57:22.097305 #12806]  INFO -- : 0:  coffee-rails (3.2.2) from /Users/raphaelmiranda/.rvm/gems/ruby-2.1.0/specifications/coffee-rails-3.2.2.gemspec
I, [2014-11-04T23:57:25.080978 #12806]  INFO -- : 0:  data_objects (0.10.14) from /Users/raphaelmiranda/.rvm/gems/ruby-2.1.0/specifications/data_objects-0.10.14.gemspec
I, [2014-11-04T23:57:25.081705 #12806]  INFO -- : 0:  diff-lcs (1.2.5) from /Users/raphaelmiranda/.rvm/gems/ruby-2.1.0/specifications/diff-lcs-1.2.5.gemspec
I, [2014-11-04T23:57:28.409734 #12806]  INFO -- : 0:  dm-core (1.2.1) from /Users/raphaelmiranda/.rvm/gems/ruby-2.1.0/specifications/dm-core-1.2.1.gemspec
I, [2014-11-04T23:57:29.996916 #12806]  INFO -- : 0:  dm-active_model (1.2.1) from /Users/raphaelmiranda/.rvm/gems/ruby-2.1.0/specifications/dm-active_model-1.2.1.gemspec
I, [2014-11-04T23:57:32.867170 #12806]  INFO -- : 0:  dm-aggregates (1.2.0) from /Users/raphaelmiranda/.rvm/gems/ruby-2.1.0/specifications/dm-aggregates-1.2.0.gemspec
I, [2014-11-04T23:57:35.562154 #12806]  INFO -- : 0:  dm-constraints (1.2.0) from /Users/raphaelmiranda/.rvm/gems/ruby-2.1.0/specifications/dm-constraints-1.2.0.gemspec
I, [2014-11-04T23:57:37.303171 #12806]  INFO -- : 0:  dm-do-adapter (1.2.0) from /Users/raphaelmiranda/.rvm/gems/ruby-2.1.0/specifications/dm-do-adapter-1.2.0.gemspec
I, [2014-11-04T23:57:40.225676 #12806]  INFO -- : 0:  dm-migrations (1.2.0) from /Users/raphaelmiranda/.rvm/gems/ruby-2.1.0/specifications/dm-migrations-1.2.0.gemspec
I, [2014-11-04T23:57:41.757538 #12806]  INFO -- : 0:  dm-observer (1.2.0) from /Users/raphaelmiranda/.rvm/gems/ruby-2.1.0/specifications/dm-observer-1.2.0.gemspec
I, [2014-11-04T23:57:43.452810 #12806]  INFO -- : 0:  dm-rails (1.2.1) from /Users/raphaelmiranda/.rvm/gems/ruby-2.1.0/specifications/dm-rails-1.2.1.gemspec
I, [2014-11-04T23:57:50.749335 #12806]  INFO -- : 0:  do_sqlite3 (0.10.14) from /Users/raphaelmiranda/.rvm/gems/ruby-2.1.0/specifications/do_sqlite3-0.10.14.gemspec
I, [2014-11-04T23:57:53.192137 #12806]  INFO -- : 0:  dm-sqlite-adapter (1.2.0) from /Users/raphaelmiranda/.rvm/gems/ruby-2.1.0/specifications/dm-sqlite-adapter-1.2.0.gemspec
I, [2014-11-04T23:57:55.645917 #12806]  INFO -- : 0:  dm-timestamps (1.2.0) from /Users/raphaelmiranda/.rvm/gems/ruby-2.1.0/specifications/dm-timestamps-1.2.0.gemspec
I, [2014-11-04T23:57:58.083713 #12806]  INFO -- : 0:  dm-transactions (1.2.0) from /Users/raphaelmiranda/.rvm/gems/ruby-2.1.0/specifications/dm-transactions-1.2.0.gemspec
I, [2014-11-04T23:58:01.627420 #12806]  INFO -- : 0:  fastercsv (1.5.5) from /Users/raphaelmiranda/.rvm/gems/ruby-2.1.0/specifications/fastercsv-1.5.5.gemspec
I, [2014-11-04T23:58:05.170675 #12806]  INFO -- : 0:  stringex (1.5.1) from /Users/raphaelmiranda/.rvm/gems/ruby-2.1.0/specifications/stringex-1.5.1.gemspec
I, [2014-11-04T23:58:07.838038 #12806]  INFO -- : 0:  uuidtools (2.1.5) from /Users/raphaelmiranda/.rvm/gems/ruby-2.1.0/specifications/uuidtools-2.1.5.gemspec
I, [2014-11-04T23:58:11.218754 #12806]  INFO -- : 0:  dm-types (1.2.2) from /Users/raphaelmiranda/.rvm/gems/ruby-2.1.0/specifications/dm-types-1.2.2.gemspec
I, [2014-11-04T23:58:14.929808 #12806]  INFO -- : 0:  dm-validations (1.2.0) from /Users/raphaelmiranda/.rvm/gems/ruby-2.1.0/specifications/dm-validations-1.2.0.gemspec
I, [2014-11-04T23:58:18.020346 #12806]  INFO -- : 0:  elasticsearch-api (1.0.6) from /Users/raphaelmiranda/.rvm/gems/ruby-2.1.0/specifications/elasticsearch-api-1.0.6.gemspec
I, [2014-11-04T23:58:18.020823 #12806]  INFO -- : 0:  multipart-post (2.0.0) from /Users/raphaelmiranda/.rvm/gems/ruby-2.1.0/specifications/multipart-post-2.0.0.gemspec
I, [2014-11-04T23:58:18.021177 #12806]  INFO -- : 0:  faraday (0.9.0) from /Users/raphaelmiranda/.rvm/gems/ruby-2.1.0/specifications/faraday-0.9.0.gemspec
I, [2014-11-04T23:58:20.797480 #12806]  INFO -- : 0:  elasticsearch-transport (1.0.6) from /Users/raphaelmiranda/.rvm/gems/ruby-2.1.0/specifications/elasticsearch-transport-1.0.6.gemspec
I, [2014-11-04T23:58:23.248341 #12806]  INFO -- : 0:  elasticsearch (1.0.6) from /Users/raphaelmiranda/.rvm/gems/ruby-2.1.0/specifications/elasticsearch-1.0.6.gemspec
I, [2014-11-04T23:58:25.188658 #12806]  INFO -- : 0:  hashie (3.3.1) from /Users/raphaelmiranda/.rvm/gems/ruby-2.1.0/specifications/hashie-3.3.1.gemspec
I, [2014-11-04T23:58:28.536076 #12806]  INFO -- : 0:  elasticsearch-model (0.1.6) from /Users/raphaelmiranda/.rvm/gems/ruby-2.1.0/specifications/elasticsearch-model-0.1.6.gemspec
I, [2014-11-04T23:58:34.643708 #12806]  INFO -- : 0:  elasticsearch-rails (0.1.6) from /Users/raphaelmiranda/.rvm/gems/ruby-2.1.0/specifications/elasticsearch-rails-0.1.6.gemspec
I, [2014-11-04T23:58:38.952135 #12806]  INFO -- : 0:  jquery-rails (2.0.3) from /Users/raphaelmiranda/.rvm/gems/ruby-2.1.0/specifications/jquery-rails-2.0.3.gemspec
I, [2014-11-04T23:58:38.952586 #12806]  INFO -- : 0:  minitest (4.7.5) from /Users/raphaelmiranda/.rvm/rubies/ruby-2.1.0/lib/ruby/gems/2.1.0/specifications/default/minitest-4.7.5.gemspec
I, [2014-11-04T23:58:40.561453 #12806]  INFO -- : 0:  rspec-support (3.1.2) from /Users/raphaelmiranda/.rvm/gems/ruby-2.1.0/specifications/rspec-support-3.1.2.gemspec
I, [2014-11-04T23:58:42.779754 #12806]  INFO -- : 0:  rspec-core (3.1.7) from /Users/raphaelmiranda/.rvm/gems/ruby-2.1.0/specifications/rspec-core-3.1.7.gemspec
I, [2014-11-04T23:58:45.962566 #12806]  INFO -- : 0:  rspec-expectations (3.1.2) from /Users/raphaelmiranda/.rvm/gems/ruby-2.1.0/specifications/rspec-expectations-3.1.2.gemspec
I, [2014-11-04T23:58:48.695092 #12806]  INFO -- : 0:  rspec-mocks (3.1.3) from /Users/raphaelmiranda/.rvm/gems/ruby-2.1.0/specifications/rspec-mocks-3.1.3.gemspec
I, [2014-11-04T23:58:51.794188 #12806]  INFO -- : 0:  rspec-rails (3.1.0) from /Users/raphaelmiranda/.rvm/gems/ruby-2.1.0/specifications/rspec-rails-3.1.0.gemspec
I, [2014-11-04T23:58:55.358204 #12806]  INFO -- : 0:  sass (3.4.7) from /Users/raphaelmiranda/.rvm/gems/ruby-2.1.0/specifications/sass-3.4.7.gemspec
I, [2014-11-04T23:59:00.394807 #12806]  INFO -- : 0:  sass-rails (3.2.6) from /Users/raphaelmiranda/.rvm/gems/ruby-2.1.0/specifications/sass-rails-3.2.6.gemspec
I, [2014-11-04T23:59:02.692104 #12806]  INFO -- : 0:  turn (0.9.7) from /Users/raphaelmiranda/.rvm/gems/ruby-2.1.0/specifications/turn-0.9.7.gemspec
I, [2014-11-04T23:59:06.215545 #12806]  INFO -- : 0:  tzinfo (0.3.42) from /Users/raphaelmiranda/.rvm/gems/ruby-2.1.0/specifications/tzinfo-0.3.42.gemspec
I, [2014-11-04T23:59:09.742613 #12806]  INFO -- : 0:  uglifier (1.2.7) from /Users/raphaelmiranda/.rvm/gems/ruby-2.1.0/specifications/uglifier-1.2.7.gemspec
I, [2014-11-04T23:59:09.743121 #12806]  INFO -- : 0:  bundler (1.5.1) from /Users/raphaelmiranda/.rvm/gems/ruby-2.1.0@global/specifications/bundler-1.5.1.gemspec
I, [2014-11-05T21:36:50.893693 #3313]  INFO -- : 0:  rake (10.3.2) from /Users/raphaelmiranda/.rvm/gems/ruby-2.1.0/specifications/rake-10.3.2.gemspec
I, [2014-11-05T21:36:50.919688 #3313]  INFO -- : 0:  i18n (0.6.11) from /Users/raphaelmiranda/.rvm/gems/ruby-2.1.0/specifications/i18n-0.6.11.gemspec
I, [2014-11-05T21:36:50.920358 #3313]  INFO -- : 0:  multi_json (1.10.1) from /Users/raphaelmiranda/.rvm/gems/ruby-2.1.0/specifications/multi_json-1.10.1.gemspec
I, [2014-11-05T21:36:50.920952 #3313]  INFO -- : 0:  activesupport (3.2.20) from /Users/raphaelmiranda/.rvm/gems/ruby-2.1.0/specifications/activesupport-3.2.20.gemspec
I, [2014-11-05T21:36:50.921721 #3313]  INFO -- : 0:  builder (3.0.4) from /Users/raphaelmiranda/.rvm/gems/ruby-2.1.0/specifications/builder-3.0.4.gemspec
I, [2014-11-05T21:36:50.922218 #3313]  INFO -- : 0:  activemodel (3.2.20) from /Users/raphaelmiranda/.rvm/gems/ruby-2.1.0/specifications/activemodel-3.2.20.gemspec
I, [2014-11-05T21:36:50.922684 #3313]  INFO -- : 0:  erubis (2.7.0) from /Users/raphaelmiranda/.rvm/gems/ruby-2.1.0/specifications/erubis-2.7.0.gemspec
I, [2014-11-05T21:36:50.923159 #3313]  INFO -- : 0:  journey (1.0.4) from /Users/raphaelmiranda/.rvm/gems/ruby-2.1.0/specifications/journey-1.0.4.gemspec
I, [2014-11-05T21:36:50.923621 #3313]  INFO -- : 0:  rack (1.4.5) from /Users/raphaelmiranda/.rvm/gems/ruby-2.1.0/specifications/rack-1.4.5.gemspec
I, [2014-11-05T21:36:50.924087 #3313]  INFO -- : 0:  rack-cache (1.2) from /Users/raphaelmiranda/.rvm/gems/ruby-2.1.0/specifications/rack-cache-1.2.gemspec
I, [2014-11-05T21:36:50.924635 #3313]  INFO -- : 0:  rack-test (0.6.2) from /Users/raphaelmiranda/.rvm/gems/ruby-2.1.0/specifications/rack-test-0.6.2.gemspec
I, [2014-11-05T21:36:50.925049 #3313]  INFO -- : 0:  hike (1.2.3) from /Users/raphaelmiranda/.rvm/gems/ruby-2.1.0/specifications/hike-1.2.3.gemspec
I, [2014-11-05T21:36:50.925434 #3313]  INFO -- : 0:  tilt (1.4.1) from /Users/raphaelmiranda/.rvm/gems/ruby-2.1.0/specifications/tilt-1.4.1.gemspec
I, [2014-11-05T21:36:50.925819 #3313]  INFO -- : 0:  sprockets (2.2.3) from /Users/raphaelmiranda/.rvm/gems/ruby-2.1.0/specifications/sprockets-2.2.3.gemspec
I, [2014-11-05T21:36:50.926226 #3313]  INFO -- : 0:  actionpack (3.2.20) from /Users/raphaelmiranda/.rvm/gems/ruby-2.1.0/specifications/actionpack-3.2.20.gemspec
I, [2014-11-05T21:36:50.926609 #3313]  INFO -- : 0:  mime-types (1.25.1) from /Users/raphaelmiranda/.rvm/gems/ruby-2.1.0/specifications/mime-types-1.25.1.gemspec
I, [2014-11-05T21:36:50.926988 #3313]  INFO -- : 0:  polyglot (0.3.5) from /Users/raphaelmiranda/.rvm/gems/ruby-2.1.0/specifications/polyglot-0.3.5.gemspec
I, [2014-11-05T21:36:50.927368 #3313]  INFO -- : 0:  treetop (1.4.15) from /Users/raphaelmiranda/.rvm/gems/ruby-2.1.0/specifications/treetop-1.4.15.gemspec
I, [2014-11-05T21:36:50.927922 #3313]  INFO -- : 0:  mail (2.5.4) from /Users/raphaelmiranda/.rvm/gems/ruby-2.1.0/specifications/mail-2.5.4.gemspec
I, [2014-11-05T21:36:50.928351 #3313]  INFO -- : 0:  actionmailer (3.2.20) from /Users/raphaelmiranda/.rvm/gems/ruby-2.1.0/specifications/actionmailer-3.2.20.gemspec
I, [2014-11-05T21:36:50.928751 #3313]  INFO -- : 0:  activeresource (3.2.20) from /Users/raphaelmiranda/.rvm/gems/ruby-2.1.0/specifications/activeresource-3.2.20.gemspec
I, [2014-11-05T21:36:50.929066 #3313]  INFO -- : 0:  addressable (2.3.6) from /Users/raphaelmiranda/.rvm/gems/ruby-2.1.0/specifications/addressable-2.3.6.gemspec
I, [2014-11-05T21:36:50.929389 #3313]  INFO -- : 0:  ansi (1.4.3) from /Users/raphaelmiranda/.rvm/gems/ruby-2.1.0/specifications/ansi-1.4.3.gemspec
I, [2014-11-05T21:36:50.929895 #3313]  INFO -- : 0:  bcrypt (3.1.9) from /Users/raphaelmiranda/.rvm/gems/ruby-2.1.0/specifications/bcrypt-3.1.9.gemspec
I, [2014-11-05T21:36:50.930218 #3313]  INFO -- : 0:  bcrypt-ruby (3.1.5) from /Users/raphaelmiranda/.rvm/gems/ruby-2.1.0/specifications/bcrypt-ruby-3.1.5.gemspec
I, [2014-11-05T21:36:55.037294 #3313]  INFO -- : 0:  carrierwave (0.8.0) from /Users/raphaelmiranda/.rvm/gems/ruby-2.1.0/specifications/carrierwave-0.8.0.gemspec
I, [2014-11-05T21:36:55.038422 #3313]  INFO -- : 0:  dm-core (1.2.1) from /Users/raphaelmiranda/.rvm/gems/ruby-2.1.0/specifications/dm-core-1.2.1.gemspec
I, [2014-11-05T21:36:57.512337 #3313]  INFO -- : 0:  carrierwave-datamapper (0.2.2) from /Users/raphaelmiranda/.rvm/gems/ruby-2.1.0/specifications/carrierwave-datamapper-0.2.2.gemspec
I, [2014-11-05T21:36:57.512805 #3313]  INFO -- : 0:  coffee-script-source (1.8.0) from /Users/raphaelmiranda/.rvm/gems/ruby-2.1.0/specifications/coffee-script-source-1.8.0.gemspec
I, [2014-11-05T21:36:57.513116 #3313]  INFO -- : 0:  execjs (2.2.2) from /Users/raphaelmiranda/.rvm/gems/ruby-2.1.0/specifications/execjs-2.2.2.gemspec
I, [2014-11-05T21:36:57.513519 #3313]  INFO -- : 0:  coffee-script (2.3.0) from /Users/raphaelmiranda/.rvm/gems/ruby-2.1.0/specifications/coffee-script-2.3.0.gemspec
I, [2014-11-05T21:36:57.513868 #3313]  INFO -- : 0:  rack-ssl (1.3.4) from /Users/raphaelmiranda/.rvm/gems/ruby-2.1.0/specifications/rack-ssl-1.3.4.gemspec
I, [2014-11-05T21:36:57.514284 #3313]  INFO -- : 0:  json (1.8.1) from /Users/raphaelmiranda/.rvm/rubies/ruby-2.1.0/lib/ruby/gems/2.1.0/specifications/default/json-1.8.1.gemspec
I, [2014-11-05T21:36:57.514644 #3313]  INFO -- : 0:  rdoc (3.12.2) from /Users/raphaelmiranda/.rvm/gems/ruby-2.1.0/specifications/rdoc-3.12.2.gemspec
I, [2014-11-05T21:36:57.514964 #3313]  INFO -- : 0:  thor (0.19.1) from /Users/raphaelmiranda/.rvm/gems/ruby-2.1.0/specifications/thor-0.19.1.gemspec
I, [2014-11-05T21:36:57.515294 #3313]  INFO -- : 0:  railties (3.2.20) from /Users/raphaelmiranda/.rvm/gems/ruby-2.1.0/specifications/railties-3.2.20.gemspec
I, [2014-11-05T21:36:57.515626 #3313]  INFO -- : 0:  coffee-rails (3.2.2) from /Users/raphaelmiranda/.rvm/gems/ruby-2.1.0/specifications/coffee-rails-3.2.2.gemspec
I, [2014-11-05T21:36:57.515981 #3313]  INFO -- : 0:  data_objects (0.10.14) from /Users/raphaelmiranda/.rvm/gems/ruby-2.1.0/specifications/data_objects-0.10.14.gemspec
I, [2014-11-05T21:36:57.516307 #3313]  INFO -- : 0:  diff-lcs (1.2.5) from /Users/raphaelmiranda/.rvm/gems/ruby-2.1.0/specifications/diff-lcs-1.2.5.gemspec
I, [2014-11-05T21:36:57.516619 #3313]  INFO -- : 0:  dm-active_model (1.2.1) from /Users/raphaelmiranda/.rvm/gems/ruby-2.1.0/specifications/dm-active_model-1.2.1.gemspec
I, [2014-11-05T21:36:57.516921 #3313]  INFO -- : 0:  dm-aggregates (1.2.0) from /Users/raphaelmiranda/.rvm/gems/ruby-2.1.0/specifications/dm-aggregates-1.2.0.gemspec
I, [2014-11-05T21:36:57.517238 #3313]  INFO -- : 0:  dm-constraints (1.2.0) from /Users/raphaelmiranda/.rvm/gems/ruby-2.1.0/specifications/dm-constraints-1.2.0.gemspec
I, [2014-11-05T21:36:57.517553 #3313]  INFO -- : 0:  dm-do-adapter (1.2.0) from /Users/raphaelmiranda/.rvm/gems/ruby-2.1.0/specifications/dm-do-adapter-1.2.0.gemspec
I, [2014-11-05T21:36:57.517857 #3313]  INFO -- : 0:  dm-migrations (1.2.0) from /Users/raphaelmiranda/.rvm/gems/ruby-2.1.0/specifications/dm-migrations-1.2.0.gemspec
I, [2014-11-05T21:36:57.518158 #3313]  INFO -- : 0:  dm-observer (1.2.0) from /Users/raphaelmiranda/.rvm/gems/ruby-2.1.0/specifications/dm-observer-1.2.0.gemspec
I, [2014-11-05T21:36:57.518467 #3313]  INFO -- : 0:  dm-rails (1.2.1) from /Users/raphaelmiranda/.rvm/gems/ruby-2.1.0/specifications/dm-rails-1.2.1.gemspec
I, [2014-11-05T21:36:57.518789 #3313]  INFO -- : 0:  do_sqlite3 (0.10.14) from /Users/raphaelmiranda/.rvm/gems/ruby-2.1.0/specifications/do_sqlite3-0.10.14.gemspec
I, [2014-11-05T21:36:57.519100 #3313]  INFO -- : 0:  dm-sqlite-adapter (1.2.0) from /Users/raphaelmiranda/.rvm/gems/ruby-2.1.0/specifications/dm-sqlite-adapter-1.2.0.gemspec
I, [2014-11-05T21:36:57.519438 #3313]  INFO -- : 0:  dm-timestamps (1.2.0) from /Users/raphaelmiranda/.rvm/gems/ruby-2.1.0/specifications/dm-timestamps-1.2.0.gemspec
I, [2014-11-05T21:36:57.519740 #3313]  INFO -- : 0:  dm-transactions (1.2.0) from /Users/raphaelmiranda/.rvm/gems/ruby-2.1.0/specifications/dm-transactions-1.2.0.gemspec
I, [2014-11-05T21:36:57.520042 #3313]  INFO -- : 0:  fastercsv (1.5.5) from /Users/raphaelmiranda/.rvm/gems/ruby-2.1.0/specifications/fastercsv-1.5.5.gemspec
I, [2014-11-05T21:36:57.520351 #3313]  INFO -- : 0:  stringex (1.5.1) from /Users/raphaelmiranda/.rvm/gems/ruby-2.1.0/specifications/stringex-1.5.1.gemspec
I, [2014-11-05T21:36:57.520654 #3313]  INFO -- : 0:  uuidtools (2.1.5) from /Users/raphaelmiranda/.rvm/gems/ruby-2.1.0/specifications/uuidtools-2.1.5.gemspec
I, [2014-11-05T21:36:57.520953 #3313]  INFO -- : 0:  dm-types (1.2.2) from /Users/raphaelmiranda/.rvm/gems/ruby-2.1.0/specifications/dm-types-1.2.2.gemspec
I, [2014-11-05T21:36:57.521498 #3313]  INFO -- : 0:  dm-validations (1.2.0) from /Users/raphaelmiranda/.rvm/gems/ruby-2.1.0/specifications/dm-validations-1.2.0.gemspec
I, [2014-11-05T21:36:57.521928 #3313]  INFO -- : 0:  elasticsearch-api (1.0.6) from /Users/raphaelmiranda/.rvm/gems/ruby-2.1.0/specifications/elasticsearch-api-1.0.6.gemspec
I, [2014-11-05T21:36:57.522253 #3313]  INFO -- : 0:  multipart-post (2.0.0) from /Users/raphaelmiranda/.rvm/gems/ruby-2.1.0/specifications/multipart-post-2.0.0.gemspec
I, [2014-11-05T21:36:57.522586 #3313]  INFO -- : 0:  faraday (0.9.0) from /Users/raphaelmiranda/.rvm/gems/ruby-2.1.0/specifications/faraday-0.9.0.gemspec
I, [2014-11-05T21:36:57.522909 #3313]  INFO -- : 0:  elasticsearch-transport (1.0.6) from /Users/raphaelmiranda/.rvm/gems/ruby-2.1.0/specifications/elasticsearch-transport-1.0.6.gemspec
I, [2014-11-05T21:36:57.523244 #3313]  INFO -- : 0:  elasticsearch (1.0.6) from /Users/raphaelmiranda/.rvm/gems/ruby-2.1.0/specifications/elasticsearch-1.0.6.gemspec
I, [2014-11-05T21:36:57.523566 #3313]  INFO -- : 0:  hashie (3.3.1) from /Users/raphaelmiranda/.rvm/gems/ruby-2.1.0/specifications/hashie-3.3.1.gemspec
I, [2014-11-05T21:36:57.523884 #3313]  INFO -- : 0:  elasticsearch-model (0.1.6) from /Users/raphaelmiranda/.rvm/gems/ruby-2.1.0/specifications/elasticsearch-model-0.1.6.gemspec
I, [2014-11-05T21:36:57.524216 #3313]  INFO -- : 0:  elasticsearch-rails (0.1.6) from /Users/raphaelmiranda/.rvm/gems/ruby-2.1.0/specifications/elasticsearch-rails-0.1.6.gemspec
I, [2014-11-05T21:36:57.524531 #3313]  INFO -- : 0:  jquery-rails (2.0.3) from /Users/raphaelmiranda/.rvm/gems/ruby-2.1.0/specifications/jquery-rails-2.0.3.gemspec
I, [2014-11-05T21:36:57.524861 #3313]  INFO -- : 0:  minitest (4.7.5) from /Users/raphaelmiranda/.rvm/rubies/ruby-2.1.0/lib/ruby/gems/2.1.0/specifications/default/minitest-4.7.5.gemspec
I, [2014-11-05T21:36:57.525173 #3313]  INFO -- : 0:  rspec-support (3.1.2) from /Users/raphaelmiranda/.rvm/gems/ruby-2.1.0/specifications/rspec-support-3.1.2.gemspec
I, [2014-11-05T21:36:57.525510 #3313]  INFO -- : 0:  rspec-core (3.1.7) from /Users/raphaelmiranda/.rvm/gems/ruby-2.1.0/specifications/rspec-core-3.1.7.gemspec
I, [2014-11-05T21:36:57.525898 #3313]  INFO -- : 0:  rspec-expectations (3.1.2) from /Users/raphaelmiranda/.rvm/gems/ruby-2.1.0/specifications/rspec-expectations-3.1.2.gemspec
I, [2014-11-05T21:36:57.526216 #3313]  INFO -- : 0:  rspec-mocks (3.1.3) from /Users/raphaelmiranda/.rvm/gems/ruby-2.1.0/specifications/rspec-mocks-3.1.3.gemspec
I, [2014-11-05T21:36:57.526756 #3313]  INFO -- : 0:  rspec-rails (3.1.0) from /Users/raphaelmiranda/.rvm/gems/ruby-2.1.0/specifications/rspec-rails-3.1.0.gemspec
I, [2014-11-05T21:36:57.527142 #3313]  INFO -- : 0:  sass (3.4.7) from /Users/raphaelmiranda/.rvm/gems/ruby-2.1.0/specifications/sass-3.4.7.gemspec
I, [2014-11-05T21:36:57.527453 #3313]  INFO -- : 0:  sass-rails (3.2.6) from /Users/raphaelmiranda/.rvm/gems/ruby-2.1.0/specifications/sass-rails-3.2.6.gemspec
I, [2014-11-05T21:36:57.527794 #3313]  INFO -- : 0:  turn (0.9.7) from /Users/raphaelmiranda/.rvm/gems/ruby-2.1.0/specifications/turn-0.9.7.gemspec
I, [2014-11-05T21:36:57.528175 #3313]  INFO -- : 0:  tzinfo (0.3.42) from /Users/raphaelmiranda/.rvm/gems/ruby-2.1.0/specifications/tzinfo-0.3.42.gemspec
I, [2014-11-05T21:36:57.528510 #3313]  INFO -- : 0:  uglifier (1.2.7) from /Users/raphaelmiranda/.rvm/gems/ruby-2.1.0/specifications/uglifier-1.2.7.gemspec
I, [2014-11-05T21:37:00.891863 #3313]  INFO -- : 0:  will_paginate (3.0.7) from /Users/raphaelmiranda/.rvm/gems/ruby-2.1.0/specifications/will_paginate-3.0.7.gemspec
I, [2014-11-05T21:37:00.892343 #3313]  INFO -- : 0:  bundler (1.5.1) from /Users/raphaelmiranda/.rvm/gems/ruby-2.1.0@global/specifications/bundler-1.5.1.gemspec
I, [2014-11-05T21:38:14.607911 #3840]  INFO -- : 0:  rake (10.3.2) from /Users/raphaelmiranda/.rvm/gems/ruby-2.1.0/specifications/rake-10.3.2.gemspec
I, [2014-11-05T21:38:14.608455 #3840]  INFO -- : 0:  i18n (0.6.11) from /Users/raphaelmiranda/.rvm/gems/ruby-2.1.0/specifications/i18n-0.6.11.gemspec
I, [2014-11-05T21:38:14.608861 #3840]  INFO -- : 0:  multi_json (1.10.1) from /Users/raphaelmiranda/.rvm/gems/ruby-2.1.0/specifications/multi_json-1.10.1.gemspec
I, [2014-11-05T21:38:14.609231 #3840]  INFO -- : 0:  activesupport (3.2.20) from /Users/raphaelmiranda/.rvm/gems/ruby-2.1.0/specifications/activesupport-3.2.20.gemspec
I, [2014-11-05T21:38:14.609655 #3840]  INFO -- : 0:  builder (3.0.4) from /Users/raphaelmiranda/.rvm/gems/ruby-2.1.0/specifications/builder-3.0.4.gemspec
I, [2014-11-05T21:38:14.609967 #3840]  INFO -- : 0:  activemodel (3.2.20) from /Users/raphaelmiranda/.rvm/gems/ruby-2.1.0/specifications/activemodel-3.2.20.gemspec
I, [2014-11-05T21:38:14.610281 #3840]  INFO -- : 0:  erubis (2.7.0) from /Users/raphaelmiranda/.rvm/gems/ruby-2.1.0/specifications/erubis-2.7.0.gemspec
I, [2014-11-05T21:38:14.610587 #3840]  INFO -- : 0:  journey (1.0.4) from /Users/raphaelmiranda/.rvm/gems/ruby-2.1.0/specifications/journey-1.0.4.gemspec
I, [2014-11-05T21:38:14.610897 #3840]  INFO -- : 0:  rack (1.4.5) from /Users/raphaelmiranda/.rvm/gems/ruby-2.1.0/specifications/rack-1.4.5.gemspec
I, [2014-11-05T21:38:14.611226 #3840]  INFO -- : 0:  rack-cache (1.2) from /Users/raphaelmiranda/.rvm/gems/ruby-2.1.0/specifications/rack-cache-1.2.gemspec
I, [2014-11-05T21:38:14.611562 #3840]  INFO -- : 0:  rack-test (0.6.2) from /Users/raphaelmiranda/.rvm/gems/ruby-2.1.0/specifications/rack-test-0.6.2.gemspec
I, [2014-11-05T21:38:14.611951 #3840]  INFO -- : 0:  hike (1.2.3) from /Users/raphaelmiranda/.rvm/gems/ruby-2.1.0/specifications/hike-1.2.3.gemspec
I, [2014-11-05T21:38:14.612270 #3840]  INFO -- : 0:  tilt (1.4.1) from /Users/raphaelmiranda/.rvm/gems/ruby-2.1.0/specifications/tilt-1.4.1.gemspec
I, [2014-11-05T21:38:14.612621 #3840]  INFO -- : 0:  sprockets (2.2.3) from /Users/raphaelmiranda/.rvm/gems/ruby-2.1.0/specifications/sprockets-2.2.3.gemspec
I, [2014-11-05T21:38:14.612933 #3840]  INFO -- : 0:  actionpack (3.2.20) from /Users/raphaelmiranda/.rvm/gems/ruby-2.1.0/specifications/actionpack-3.2.20.gemspec
I, [2014-11-05T21:38:14.613236 #3840]  INFO -- : 0:  mime-types (1.25.1) from /Users/raphaelmiranda/.rvm/gems/ruby-2.1.0/specifications/mime-types-1.25.1.gemspec
I, [2014-11-05T21:38:14.613577 #3840]  INFO -- : 0:  polyglot (0.3.5) from /Users/raphaelmiranda/.rvm/gems/ruby-2.1.0/specifications/polyglot-0.3.5.gemspec
I, [2014-11-05T21:38:14.613874 #3840]  INFO -- : 0:  treetop (1.4.15) from /Users/raphaelmiranda/.rvm/gems/ruby-2.1.0/specifications/treetop-1.4.15.gemspec
I, [2014-11-05T21:38:14.614174 #3840]  INFO -- : 0:  mail (2.5.4) from /Users/raphaelmiranda/.rvm/gems/ruby-2.1.0/specifications/mail-2.5.4.gemspec
I, [2014-11-05T21:38:14.614483 #3840]  INFO -- : 0:  actionmailer (3.2.20) from /Users/raphaelmiranda/.rvm/gems/ruby-2.1.0/specifications/actionmailer-3.2.20.gemspec
I, [2014-11-05T21:38:14.614785 #3840]  INFO -- : 0:  activeresource (3.2.20) from /Users/raphaelmiranda/.rvm/gems/ruby-2.1.0/specifications/activeresource-3.2.20.gemspec
I, [2014-11-05T21:38:14.615238 #3840]  INFO -- : 0:  addressable (2.3.6) from /Users/raphaelmiranda/.rvm/gems/ruby-2.1.0/specifications/addressable-2.3.6.gemspec
I, [2014-11-05T21:38:14.615576 #3840]  INFO -- : 0:  ansi (1.4.3) from /Users/raphaelmiranda/.rvm/gems/ruby-2.1.0/specifications/ansi-1.4.3.gemspec
I, [2014-11-05T21:38:14.615869 #3840]  INFO -- : 0:  bcrypt (3.1.9) from /Users/raphaelmiranda/.rvm/gems/ruby-2.1.0/specifications/bcrypt-3.1.9.gemspec
I, [2014-11-05T21:38:14.616163 #3840]  INFO -- : 0:  bcrypt-ruby (3.1.5) from /Users/raphaelmiranda/.rvm/gems/ruby-2.1.0/specifications/bcrypt-ruby-3.1.5.gemspec
I, [2014-11-05T21:38:17.727629 #3840]  INFO -- : 0:  mini_portile (0.6.1) from /Users/raphaelmiranda/.rvm/gems/ruby-2.1.0/specifications/mini_portile-0.6.1.gemspec
I, [2014-11-05T21:40:12.610460 #3840]  INFO -- : 0:  nokogiri (1.6.4) from /Users/raphaelmiranda/.rvm/gems/ruby-2.1.0/specifications/nokogiri-1.6.4.gemspec
I, [2014-11-05T21:40:18.723354 #3840]  INFO -- : 0:  xpath (2.0.0) from /Users/raphaelmiranda/.rvm/gems/ruby-2.1.0/specifications/xpath-2.0.0.gemspec
I, [2014-11-05T21:40:24.264618 #3840]  INFO -- : 0:  capybara (2.4.4) from /Users/raphaelmiranda/.rvm/gems/ruby-2.1.0/specifications/capybara-2.4.4.gemspec
I, [2014-11-05T21:40:24.265253 #3840]  INFO -- : 0:  carrierwave (0.8.0) from /Users/raphaelmiranda/.rvm/gems/ruby-2.1.0/specifications/carrierwave-0.8.0.gemspec
I, [2014-11-05T21:40:24.265726 #3840]  INFO -- : 0:  dm-core (1.2.1) from /Users/raphaelmiranda/.rvm/gems/ruby-2.1.0/specifications/dm-core-1.2.1.gemspec
I, [2014-11-05T21:40:24.266202 #3840]  INFO -- : 0:  carrierwave-datamapper (0.2.2) from /Users/raphaelmiranda/.rvm/gems/ruby-2.1.0/specifications/carrierwave-datamapper-0.2.2.gemspec
I, [2014-11-05T21:40:27.600720 #3840]  INFO -- : 0:  hitimes (1.2.2) from /Users/raphaelmiranda/.rvm/gems/ruby-2.1.0/specifications/hitimes-1.2.2.gemspec
I, [2014-11-05T21:40:30.813535 #3840]  INFO -- : 0:  timers (4.0.1) from /Users/raphaelmiranda/.rvm/gems/ruby-2.1.0/specifications/timers-4.0.1.gemspec
I, [2014-11-05T21:40:34.201461 #3840]  INFO -- : 0:  celluloid (0.16.0) from /Users/raphaelmiranda/.rvm/gems/ruby-2.1.0/specifications/celluloid-0.16.0.gemspec
I, [2014-11-05T21:40:36.757078 #3840]  INFO -- : 0:  cliver (0.3.2) from /Users/raphaelmiranda/.rvm/gems/ruby-2.1.0/specifications/cliver-0.3.2.gemspec
I, [2014-11-05T21:40:39.957005 #3840]  INFO -- : 0:  coderay (1.1.0) from /Users/raphaelmiranda/.rvm/gems/ruby-2.1.0/specifications/coderay-1.1.0.gemspec
I, [2014-11-05T21:40:39.957491 #3840]  INFO -- : 0:  coffee-script-source (1.8.0) from /Users/raphaelmiranda/.rvm/gems/ruby-2.1.0/specifications/coffee-script-source-1.8.0.gemspec
I, [2014-11-05T21:40:39.957806 #3840]  INFO -- : 0:  execjs (2.2.2) from /Users/raphaelmiranda/.rvm/gems/ruby-2.1.0/specifications/execjs-2.2.2.gemspec
I, [2014-11-05T21:40:39.958101 #3840]  INFO -- : 0:  coffee-script (2.3.0) from /Users/raphaelmiranda/.rvm/gems/ruby-2.1.0/specifications/coffee-script-2.3.0.gemspec
I, [2014-11-05T21:40:39.958387 #3840]  INFO -- : 0:  rack-ssl (1.3.4) from /Users/raphaelmiranda/.rvm/gems/ruby-2.1.0/specifications/rack-ssl-1.3.4.gemspec
I, [2014-11-05T21:40:39.958661 #3840]  INFO -- : 0:  json (1.8.1) from /Users/raphaelmiranda/.rvm/rubies/ruby-2.1.0/lib/ruby/gems/2.1.0/specifications/default/json-1.8.1.gemspec
I, [2014-11-05T21:40:39.958948 #3840]  INFO -- : 0:  rdoc (3.12.2) from /Users/raphaelmiranda/.rvm/gems/ruby-2.1.0/specifications/rdoc-3.12.2.gemspec
I, [2014-11-05T21:40:39.959228 #3840]  INFO -- : 0:  thor (0.19.1) from /Users/raphaelmiranda/.rvm/gems/ruby-2.1.0/specifications/thor-0.19.1.gemspec
I, [2014-11-05T21:40:39.959677 #3840]  INFO -- : 0:  railties (3.2.20) from /Users/raphaelmiranda/.rvm/gems/ruby-2.1.0/specifications/railties-3.2.20.gemspec
I, [2014-11-05T21:40:39.959969 #3840]  INFO -- : 0:  coffee-rails (3.2.2) from /Users/raphaelmiranda/.rvm/gems/ruby-2.1.0/specifications/coffee-rails-3.2.2.gemspec
I, [2014-11-05T21:40:39.960255 #3840]  INFO -- : 0:  data_objects (0.10.14) from /Users/raphaelmiranda/.rvm/gems/ruby-2.1.0/specifications/data_objects-0.10.14.gemspec
I, [2014-11-05T21:40:39.960531 #3840]  INFO -- : 0:  diff-lcs (1.2.5) from /Users/raphaelmiranda/.rvm/gems/ruby-2.1.0/specifications/diff-lcs-1.2.5.gemspec
I, [2014-11-05T21:40:39.960827 #3840]  INFO -- : 0:  dm-active_model (1.2.1) from /Users/raphaelmiranda/.rvm/gems/ruby-2.1.0/specifications/dm-active_model-1.2.1.gemspec
I, [2014-11-05T21:40:39.961107 #3840]  INFO -- : 0:  dm-aggregates (1.2.0) from /Users/raphaelmiranda/.rvm/gems/ruby-2.1.0/specifications/dm-aggregates-1.2.0.gemspec
I, [2014-11-05T21:40:39.961406 #3840]  INFO -- : 0:  dm-constraints (1.2.0) from /Users/raphaelmiranda/.rvm/gems/ruby-2.1.0/specifications/dm-constraints-1.2.0.gemspec
I, [2014-11-05T21:40:39.961688 #3840]  INFO -- : 0:  dm-do-adapter (1.2.0) from /Users/raphaelmiranda/.rvm/gems/ruby-2.1.0/specifications/dm-do-adapter-1.2.0.gemspec
I, [2014-11-05T21:40:39.961966 #3840]  INFO -- : 0:  dm-migrations (1.2.0) from /Users/raphaelmiranda/.rvm/gems/ruby-2.1.0/specifications/dm-migrations-1.2.0.gemspec
I, [2014-11-05T21:40:39.962236 #3840]  INFO -- : 0:  dm-observer (1.2.0) from /Users/raphaelmiranda/.rvm/gems/ruby-2.1.0/specifications/dm-observer-1.2.0.gemspec
I, [2014-11-05T21:40:39.962521 #3840]  INFO -- : 0:  dm-rails (1.2.1) from /Users/raphaelmiranda/.rvm/gems/ruby-2.1.0/specifications/dm-rails-1.2.1.gemspec
I, [2014-11-05T21:40:39.962882 #3840]  INFO -- : 0:  dm-validations (1.2.0) from /Users/raphaelmiranda/.rvm/gems/ruby-2.1.0/specifications/dm-validations-1.2.0.gemspec
I, [2014-11-05T21:40:42.916559 #3840]  INFO -- : 0:  dm-rspec (0.3.0) from /Users/raphaelmiranda/.rvm/gems/ruby-2.1.0/specifications/dm-rspec-0.3.0.gemspec
I, [2014-11-05T21:40:42.917034 #3840]  INFO -- : 0:  do_sqlite3 (0.10.14) from /Users/raphaelmiranda/.rvm/gems/ruby-2.1.0/specifications/do_sqlite3-0.10.14.gemspec
I, [2014-11-05T21:40:42.917389 #3840]  INFO -- : 0:  dm-sqlite-adapter (1.2.0) from /Users/raphaelmiranda/.rvm/gems/ruby-2.1.0/specifications/dm-sqlite-adapter-1.2.0.gemspec
I, [2014-11-05T21:40:42.917734 #3840]  INFO -- : 0:  dm-timestamps (1.2.0) from /Users/raphaelmiranda/.rvm/gems/ruby-2.1.0/specifications/dm-timestamps-1.2.0.gemspec
I, [2014-11-05T21:40:42.918075 #3840]  INFO -- : 0:  dm-transactions (1.2.0) from /Users/raphaelmiranda/.rvm/gems/ruby-2.1.0/specifications/dm-transactions-1.2.0.gemspec
I, [2014-11-05T21:40:42.918419 #3840]  INFO -- : 0:  fastercsv (1.5.5) from /Users/raphaelmiranda/.rvm/gems/ruby-2.1.0/specifications/fastercsv-1.5.5.gemspec
I, [2014-11-05T21:40:42.918762 #3840]  INFO -- : 0:  stringex (1.5.1) from /Users/raphaelmiranda/.rvm/gems/ruby-2.1.0/specifications/stringex-1.5.1.gemspec
I, [2014-11-05T21:40:42.919106 #3840]  INFO -- : 0:  uuidtools (2.1.5) from /Users/raphaelmiranda/.rvm/gems/ruby-2.1.0/specifications/uuidtools-2.1.5.gemspec
I, [2014-11-05T21:40:42.919444 #3840]  INFO -- : 0:  dm-types (1.2.2) from /Users/raphaelmiranda/.rvm/gems/ruby-2.1.0/specifications/dm-types-1.2.2.gemspec
I, [2014-11-05T21:40:42.919784 #3840]  INFO -- : 0:  elasticsearch-api (1.0.6) from /Users/raphaelmiranda/.rvm/gems/ruby-2.1.0/specifications/elasticsearch-api-1.0.6.gemspec
I, [2014-11-05T21:40:42.920125 #3840]  INFO -- : 0:  multipart-post (2.0.0) from /Users/raphaelmiranda/.rvm/gems/ruby-2.1.0/specifications/multipart-post-2.0.0.gemspec
I, [2014-11-05T21:40:42.920462 #3840]  INFO -- : 0:  faraday (0.9.0) from /Users/raphaelmiranda/.rvm/gems/ruby-2.1.0/specifications/faraday-0.9.0.gemspec
I, [2014-11-05T21:40:42.920829 #3840]  INFO -- : 0:  elasticsearch-transport (1.0.6) from /Users/raphaelmiranda/.rvm/gems/ruby-2.1.0/specifications/elasticsearch-transport-1.0.6.gemspec
I, [2014-11-05T21:40:42.921172 #3840]  INFO -- : 0:  elasticsearch (1.0.6) from /Users/raphaelmiranda/.rvm/gems/ruby-2.1.0/specifications/elasticsearch-1.0.6.gemspec
I, [2014-11-05T21:40:42.921512 #3840]  INFO -- : 0:  hashie (3.3.1) from /Users/raphaelmiranda/.rvm/gems/ruby-2.1.0/specifications/hashie-3.3.1.gemspec
I, [2014-11-05T21:40:42.922262 #3840]  INFO -- : 0:  elasticsearch-model (0.1.6) from /Users/raphaelmiranda/.rvm/gems/ruby-2.1.0/specifications/elasticsearch-model-0.1.6.gemspec
I, [2014-11-05T21:40:42.922695 #3840]  INFO -- : 0:  elasticsearch-rails (0.1.6) from /Users/raphaelmiranda/.rvm/gems/ruby-2.1.0/specifications/elasticsearch-rails-0.1.6.gemspec
I, [2014-11-05T21:40:56.270646 #3840]  INFO -- : 0:  eventmachine (1.0.3) from /Users/raphaelmiranda/.rvm/gems/ruby-2.1.0/specifications/eventmachine-1.0.3.gemspec
I, [2014-11-05T21:41:01.644907 #3840]  INFO -- : 0:  http_parser.rb (0.6.0) from /Users/raphaelmiranda/.rvm/gems/ruby-2.1.0/specifications/http_parser.rb-0.6.0.gemspec
I, [2014-11-05T21:41:04.814801 #3840]  INFO -- : 0:  em-websocket (0.5.1) from /Users/raphaelmiranda/.rvm/gems/ruby-2.1.0/specifications/em-websocket-0.5.1.gemspec
I, [2014-11-05T21:41:07.412076 #3840]  INFO -- : 0:  factory_girl (4.5.0) from /Users/raphaelmiranda/.rvm/gems/ruby-2.1.0/specifications/factory_girl-4.5.0.gemspec
I, [2014-11-05T21:41:10.193475 #3840]  INFO -- : 0:  factory_girl_rails (4.5.0) from /Users/raphaelmiranda/.rvm/gems/ruby-2.1.0/specifications/factory_girl_rails-4.5.0.gemspec
I, [2014-11-05T21:41:13.952217 #3840]  INFO -- : 0:  faker (1.4.3) from /Users/raphaelmiranda/.rvm/gems/ruby-2.1.0/specifications/faker-1.4.3.gemspec
I, [2014-11-05T21:41:21.829546 #3840]  INFO -- : 0:  ffi (1.9.6) from /Users/raphaelmiranda/.rvm/gems/ruby-2.1.0/specifications/ffi-1.9.6.gemspec
I, [2014-11-05T21:41:24.552533 #3840]  INFO -- : 0:  formatador (0.2.5) from /Users/raphaelmiranda/.rvm/gems/ruby-2.1.0/specifications/formatador-0.2.5.gemspec
I, [2014-11-05T21:41:27.867945 #3840]  INFO -- : 0:  rb-fsevent (0.9.4) from /Users/raphaelmiranda/.rvm/gems/ruby-2.1.0/specifications/rb-fsevent-0.9.4.gemspec
I, [2014-11-05T21:41:30.730827 #3840]  INFO -- : 0:  rb-inotify (0.9.5) from /Users/raphaelmiranda/.rvm/gems/ruby-2.1.0/specifications/rb-inotify-0.9.5.gemspec
I, [2014-11-05T21:41:34.005543 #3840]  INFO -- : 0:  listen (2.7.11) from /Users/raphaelmiranda/.rvm/gems/ruby-2.1.0/specifications/listen-2.7.11.gemspec
I, [2014-11-05T21:41:37.379604 #3840]  INFO -- : 0:  lumberjack (1.0.9) from /Users/raphaelmiranda/.rvm/gems/ruby-2.1.0/specifications/lumberjack-1.0.9.gemspec
I, [2014-11-05T21:41:39.715531 #3840]  INFO -- : 0:  method_source (0.8.2) from /Users/raphaelmiranda/.rvm/gems/ruby-2.1.0/specifications/method_source-0.8.2.gemspec
I, [2014-11-05T21:41:42.687129 #3840]  INFO -- : 0:  slop (3.6.0) from /Users/raphaelmiranda/.rvm/gems/ruby-2.1.0/specifications/slop-3.6.0.gemspec
I, [2014-11-05T21:41:46.235682 #3840]  INFO -- : 0:  pry (0.10.1) from /Users/raphaelmiranda/.rvm/gems/ruby-2.1.0/specifications/pry-0.10.1.gemspec
I, [2014-11-05T21:41:50.831095 #3840]  INFO -- : 0:  guard (2.8.1) from /Users/raphaelmiranda/.rvm/gems/ruby-2.1.0/specifications/guard-2.8.1.gemspec
I, [2014-11-05T21:41:53.662400 #3840]  INFO -- : 0:  guard-livereload (2.3.1) from /Users/raphaelmiranda/.rvm/gems/ruby-2.1.0/specifications/guard-livereload-2.3.1.gemspec
I, [2014-11-05T21:41:53.662993 #3840]  INFO -- : 0:  rspec-support (3.1.2) from /Users/raphaelmiranda/.rvm/gems/ruby-2.1.0/specifications/rspec-support-3.1.2.gemspec
I, [2014-11-05T21:41:53.663356 #3840]  INFO -- : 0:  rspec-core (3.1.7) from /Users/raphaelmiranda/.rvm/gems/ruby-2.1.0/specifications/rspec-core-3.1.7.gemspec
I, [2014-11-05T21:41:53.663661 #3840]  INFO -- : 0:  rspec-expectations (3.1.2) from /Users/raphaelmiranda/.rvm/gems/ruby-2.1.0/specifications/rspec-expectations-3.1.2.gemspec
I, [2014-11-05T21:41:53.663961 #3840]  INFO -- : 0:  rspec-mocks (3.1.3) from /Users/raphaelmiranda/.rvm/gems/ruby-2.1.0/specifications/rspec-mocks-3.1.3.gemspec
I, [2014-11-05T21:41:55.498352 #3840]  INFO -- : 0:  rspec (3.1.0) from /Users/raphaelmiranda/.rvm/gems/ruby-2.1.0/specifications/rspec-3.1.0.gemspec
I, [2014-11-05T21:41:58.581988 #3840]  INFO -- : 0:  guard-rspec (4.3.1) from /Users/raphaelmiranda/.rvm/gems/ruby-2.1.0/specifications/guard-rspec-4.3.1.gemspec
I, [2014-11-05T21:41:58.582476 #3840]  INFO -- : 0:  spring (1.1.3) from /Users/raphaelmiranda/.rvm/gems/ruby-2.1.0/specifications/spring-1.1.3.gemspec
I, [2014-11-05T21:42:00.371525 #3840]  INFO -- : 0:  guard-spring (0.0.4) from /Users/raphaelmiranda/.rvm/gems/ruby-2.1.0/specifications/guard-spring-0.0.4.gemspec
I, [2014-11-05T21:42:00.371998 #3840]  INFO -- : 0:  jquery-rails (2.0.3) from /Users/raphaelmiranda/.rvm/gems/ruby-2.1.0/specifications/jquery-rails-2.0.3.gemspec
I, [2014-11-05T21:42:00.372324 #3840]  INFO -- : 0:  minitest (4.7.5) from /Users/raphaelmiranda/.rvm/rubies/ruby-2.1.0/lib/ruby/gems/2.1.0/specifications/default/minitest-4.7.5.gemspec
I, [2014-11-05T21:42:03.868430 #3840]  INFO -- : 0:  websocket-driver (0.3.5) from /Users/raphaelmiranda/.rvm/gems/ruby-2.1.0/specifications/websocket-driver-0.3.5.gemspec
I, [2014-11-05T21:42:05.836398 #3840]  INFO -- : 0:  poltergeist (1.5.1) from /Users/raphaelmiranda/.rvm/gems/ruby-2.1.0/specifications/poltergeist-1.5.1.gemspec
I, [2014-11-05T21:42:10.774228 #3840]  INFO -- : 0:  rack-livereload (0.3.15) from /Users/raphaelmiranda/.rvm/gems/ruby-2.1.0/specifications/rack-livereload-0.3.15.gemspec
I, [2014-11-05T21:42:10.774632 #3840]  INFO -- : 0:  rspec-rails (3.1.0) from /Users/raphaelmiranda/.rvm/gems/ruby-2.1.0/specifications/rspec-rails-3.1.0.gemspec
I, [2014-11-05T21:42:10.774923 #3840]  INFO -- : 0:  sass (3.4.7) from /Users/raphaelmiranda/.rvm/gems/ruby-2.1.0/specifications/sass-3.4.7.gemspec
I, [2014-11-05T21:42:10.775194 #3840]  INFO -- : 0:  sass-rails (3.2.6) from /Users/raphaelmiranda/.rvm/gems/ruby-2.1.0/specifications/sass-rails-3.2.6.gemspec
I, [2014-11-05T21:42:13.311042 #3840]  INFO -- : 0:  spring-commands-cucumber (1.0.1) from /Users/raphaelmiranda/.rvm/gems/ruby-2.1.0/specifications/spring-commands-cucumber-1.0.1.gemspec
I, [2014-11-05T21:42:15.768195 #3840]  INFO -- : 0:  spring-commands-rspec (1.0.2) from /Users/raphaelmiranda/.rvm/gems/ruby-2.1.0/specifications/spring-commands-rspec-1.0.2.gemspec
I, [2014-11-05T21:42:15.768582 #3840]  INFO -- : 0:  turn (0.9.7) from /Users/raphaelmiranda/.rvm/gems/ruby-2.1.0/specifications/turn-0.9.7.gemspec
I, [2014-11-05T21:42:15.768876 #3840]  INFO -- : 0:  tzinfo (0.3.42) from /Users/raphaelmiranda/.rvm/gems/ruby-2.1.0/specifications/tzinfo-0.3.42.gemspec
I, [2014-11-05T21:42:15.769205 #3840]  INFO -- : 0:  uglifier (1.2.7) from /Users/raphaelmiranda/.rvm/gems/ruby-2.1.0/specifications/uglifier-1.2.7.gemspec
I, [2014-11-05T21:42:15.769548 #3840]  INFO -- : 0:  will_paginate (3.0.7) from /Users/raphaelmiranda/.rvm/gems/ruby-2.1.0/specifications/will_paginate-3.0.7.gemspec
I, [2014-11-05T21:42:15.769809 #3840]  INFO -- : 0:  bundler (1.5.1) from /Users/raphaelmiranda/.rvm/gems/ruby-2.1.0@global/specifications/bundler-1.5.1.gemspec
